<?xml version="1.0" encoding="UTF-8"?>
<testng-results skipped="0" failed="0" ignored="0" total="1" passed="1">
  <reporter-output>
  </reporter-output>
  <suite name="Default suite" duration-ms="10677" started-at="2020-01-21T14:12:57 IST" finished-at="2020-01-21T14:13:07 IST">
    <groups>
    </groups>
    <test name="Default test" duration-ms="10677" started-at="2020-01-21T14:12:57 IST" finished-at="2020-01-21T14:13:07 IST">
      <class name="RestAssuredAPIUsingPOJO.oAuth2PostRequest">
        <test-method status="PASS" signature="PostRequestToGetToken()[pri:0, instance:RestAssuredAPIUsingPOJO.oAuth2PostRequest@45820e51]" name="PostRequestToGetToken" duration-ms="10570" started-at="2020-01-21T14:12:57 IST" finished-at="2020-01-21T14:13:07 IST">
          <reporter-output>
          </reporter-output>
        </test-method> <!-- PostRequestToGetToken -->
      </class> <!-- RestAssuredAPIUsingPOJO.oAuth2PostRequest -->
    </test> <!-- Default test -->
  </suite> <!-- Default suite -->
</testng-results>
