<?xml version="1.0" encoding="UTF-8"?>
<testng-results skipped="0" failed="0" ignored="0" total="1" passed="1">
  <reporter-output>
  </reporter-output>
  <suite name="Default suite" duration-ms="26626" started-at="2020-01-22T23:17:58 IST" finished-at="2020-01-22T23:18:24 IST">
    <groups>
    </groups>
    <test name="Default test" duration-ms="26626" started-at="2020-01-22T23:17:58 IST" finished-at="2020-01-22T23:18:24 IST">
      <class name="RestAssuredAPIUsingPOJO.CreateEmployeeUsingPOJO">
        <test-method status="PASS" signature="createEmployee()[pri:0, instance:RestAssuredAPIUsingPOJO.CreateEmployeeUsingPOJO@5bfbf16f]" name="createEmployee" duration-ms="26399" started-at="2020-01-22T23:17:58 IST" finished-at="2020-01-22T23:18:24 IST">
          <reporter-output>
          </reporter-output>
        </test-method> <!-- createEmployee -->
      </class> <!-- RestAssuredAPIUsingPOJO.CreateEmployeeUsingPOJO -->
    </test> <!-- Default test -->
  </suite> <!-- Default suite -->
</testng-results>
